  AVL.c
C:\Users\Simionescu Alexandru\Desktop\SDDseminariiC\Seminar9AVL\SeminarSapt11AVL\SeminarSapt11AVL\AVL.c(28,37): warning C4013: 'strlen' undefined; assuming extern returning int
C:\Users\Simionescu Alexandru\Desktop\SDDseminariiC\Seminar9AVL\SeminarSapt11AVL\SeminarSapt11AVL\AVL.c(29,2): warning C4013: 'strcpy' undefined; assuming extern returning int
C:\Users\Simionescu Alexandru\Desktop\SDDseminariiC\Seminar9AVL\SeminarSapt11AVL\SeminarSapt11AVL\AVL.c(34,14): warning C4133: '=': incompatible types - from 'nodArb *' to 'nodArb *'
C:\Users\Simionescu Alexandru\Desktop\SDDseminariiC\Seminar9AVL\SeminarSapt11AVL\SeminarSapt11AVL\AVL.c(35,15): warning C4133: '=': incompatible types - from 'nodArb *' to 'nodArb *'
C:\Users\Simionescu Alexandru\Desktop\SDDseminariiC\Seminar9AVL\SeminarSapt11AVL\SeminarSapt11AVL\AVL.c(45,33): warning C4133: 'function': incompatible types - from 'nodArb *' to 'nodArb *'
C:\Users\Simionescu Alexandru\Desktop\SDDseminariiC\Seminar9AVL\SeminarSapt11AVL\SeminarSapt11AVL\AVL.c(45,16): warning C4133: '=': incompatible types - from 'nodArb *' to 'nodArb *'
C:\Users\Simionescu Alexandru\Desktop\SDDseminariiC\Seminar9AVL\SeminarSapt11AVL\SeminarSapt11AVL\AVL.c(51,35): warning C4133: 'function': incompatible types - from 'nodArb *' to 'nodArb *'
C:\Users\Simionescu Alexandru\Desktop\SDDseminariiC\Seminar9AVL\SeminarSapt11AVL\SeminarSapt11AVL\AVL.c(51,18): warning C4133: '=': incompatible types - from 'nodArb *' to 'nodArb *'
C:\Users\Simionescu Alexandru\Desktop\SDDseminariiC\Seminar9AVL\SeminarSapt11AVL\SeminarSapt11AVL\AVL.c(69,16): warning C4133: 'function': incompatible types - from 'nodArb *' to 'nodArb *'
C:\Users\Simionescu Alexandru\Desktop\SDDseminariiC\Seminar9AVL\SeminarSapt11AVL\SeminarSapt11AVL\AVL.c(70,16): warning C4133: 'function': incompatible types - from 'nodArb *' to 'nodArb *'
C:\Users\Simionescu Alexandru\Desktop\SDDseminariiC\Seminar9AVL\SeminarSapt11AVL\SeminarSapt11AVL\AVL.c(79,15): warning C4133: 'function': incompatible types - from 'nodArb *' to 'nodArb *'
C:\Users\Simionescu Alexandru\Desktop\SDDseminariiC\Seminar9AVL\SeminarSapt11AVL\SeminarSapt11AVL\AVL.c(83,15): warning C4133: 'function': incompatible types - from 'nodArb *' to 'nodArb *'
C:\Users\Simionescu Alexandru\Desktop\SDDseminariiC\Seminar9AVL\SeminarSapt11AVL\SeminarSapt11AVL\AVL.c(92,17): warning C4133: 'function': incompatible types - from 'nodArb *' to 'nodArb *'
C:\Users\Simionescu Alexandru\Desktop\SDDseminariiC\Seminar9AVL\SeminarSapt11AVL\SeminarSapt11AVL\AVL.c(93,17): warning C4133: 'function': incompatible types - from 'nodArb *' to 'nodArb *'
C:\Users\Simionescu Alexandru\Desktop\SDDseminariiC\Seminar9AVL\SeminarSapt11AVL\SeminarSapt11AVL\AVL.c(115,17): warning C4133: 'function': incompatible types - from 'nodArb *' to 'nodArb *'
C:\Users\Simionescu Alexandru\Desktop\SDDseminariiC\Seminar9AVL\SeminarSapt11AVL\SeminarSapt11AVL\AVL.c(116,17): warning C4133: 'function': incompatible types - from 'nodArb *' to 'nodArb *'
C:\Users\Simionescu Alexandru\Desktop\SDDseminariiC\Seminar9AVL\SeminarSapt11AVL\SeminarSapt11AVL\AVL.c(137,27): warning C4133: 'function': incompatible types - from 'nodArb *' to 'nodArb *'
C:\Users\Simionescu Alexandru\Desktop\SDDseminariiC\Seminar9AVL\SeminarSapt11AVL\SeminarSapt11AVL\AVL.c(138,27): warning C4133: 'function': incompatible types - from 'nodArb *' to 'nodArb *'
C:\Users\Simionescu Alexandru\Desktop\SDDseminariiC\Seminar9AVL\SeminarSapt11AVL\SeminarSapt11AVL\AVL.c(147,21): warning C4133: 'function': incompatible types - from 'nodArb *' to 'nodArb *'
C:\Users\Simionescu Alexandru\Desktop\SDDseminariiC\Seminar9AVL\SeminarSapt11AVL\SeminarSapt11AVL\AVL.c(148,21): warning C4133: 'function': incompatible types - from 'nodArb *' to 'nodArb *'
C:\Users\Simionescu Alexandru\Desktop\SDDseminariiC\Seminar9AVL\SeminarSapt11AVL\SeminarSapt11AVL\AVL.c(155,7): warning C4133: '=': incompatible types - from 'nodArb *' to 'nodArb *'
C:\Users\Simionescu Alexandru\Desktop\SDDseminariiC\Seminar9AVL\SeminarSapt11AVL\SeminarSapt11AVL\AVL.c(159,10): warning C4133: '=': incompatible types - from 'nodArb *' to 'nodArb *'
C:\Users\Simionescu Alexandru\Desktop\SDDseminariiC\Seminar9AVL\SeminarSapt11AVL\SeminarSapt11AVL\AVL.c(166,8): warning C4133: '=': incompatible types - from 'nodArb *' to 'nodArb *'
C:\Users\Simionescu Alexandru\Desktop\SDDseminariiC\Seminar9AVL\SeminarSapt11AVL\SeminarSapt11AVL\AVL.c(157,12): warning C4133: 'initializing': incompatible types - from 'nodArb *' to 'nodArb *'
C:\Users\Simionescu Alexandru\Desktop\SDDseminariiC\Seminar9AVL\SeminarSapt11AVL\SeminarSapt11AVL\AVL.c(185,32): warning C4133: 'function': incompatible types - from 'nodArb *' to 'nodArb *'
C:\Users\Simionescu Alexandru\Desktop\SDDseminariiC\Seminar9AVL\SeminarSapt11AVL\SeminarSapt11AVL\AVL.c(185,17): warning C4133: '=': incompatible types - from 'nodArb *' to 'nodArb *'
C:\Users\Simionescu Alexandru\Desktop\SDDseminariiC\Seminar9AVL\SeminarSapt11AVL\SeminarSapt11AVL\AVL.c(188,35): warning C4133: 'function': incompatible types - from 'nodArb *' to 'nodArb *'
C:\Users\Simionescu Alexandru\Desktop\SDDseminariiC\Seminar9AVL\SeminarSapt11AVL\SeminarSapt11AVL\AVL.c(188,46): warning C4020: 'stergereRad': too many actual parameters
C:\Users\Simionescu Alexandru\Desktop\SDDseminariiC\Seminar9AVL\SeminarSapt11AVL\SeminarSapt11AVL\AVL.c(188,18): warning C4133: '=': incompatible types - from 'nodArb *' to 'nodArb *'
C:\Users\Simionescu Alexandru\Desktop\SDDseminariiC\Seminar9AVL\SeminarSapt11AVL\SeminarSapt11AVL\AVL.c(208,38): warning C4133: 'function': incompatible types - from 'nodArb *' to 'nodArb *'
C:\Users\Simionescu Alexandru\Desktop\SDDseminariiC\Seminar9AVL\SeminarSapt11AVL\SeminarSapt11AVL\AVL.c(208,67): warning C4133: 'function': incompatible types - from 'nodArb *' to 'nodArb *'
C:\Users\Simionescu Alexandru\Desktop\SDDseminariiC\Seminar9AVL\SeminarSapt11AVL\SeminarSapt11AVL\AVL.c(217,31): warning C4133: 'function': incompatible types - from 'nodArb *' to 'nodArb *'
C:\Users\Simionescu Alexandru\Desktop\SDDseminariiC\Seminar9AVL\SeminarSapt11AVL\SeminarSapt11AVL\AVL.c(217,62): warning C4133: 'function': incompatible types - from 'nodArb *' to 'nodArb *'
C:\Users\Simionescu Alexandru\Desktop\SDDseminariiC\Seminar9AVL\SeminarSapt11AVL\SeminarSapt11AVL\AVL.c(218,15): warning C4133: 'function': incompatible types - from 'nodArb *' to 'nodArb *'
C:\Users\Simionescu Alexandru\Desktop\SDDseminariiC\Seminar9AVL\SeminarSapt11AVL\SeminarSapt11AVL\AVL.c(219,15): warning C4133: 'function': incompatible types - from 'nodArb *' to 'nodArb *'
C:\Users\Simionescu Alexandru\Desktop\SDDseminariiC\Seminar9AVL\SeminarSapt11AVL\SeminarSapt11AVL\AVL.c(227,16): warning C4133: '=': incompatible types - from 'nodArb *' to 'nodArb *'
C:\Users\Simionescu Alexandru\Desktop\SDDseminariiC\Seminar9AVL\SeminarSapt11AVL\SeminarSapt11AVL\AVL.c(225,10): warning C4133: 'initializing': incompatible types - from 'nodArb *' to 'nodArb *'
C:\Users\Simionescu Alexandru\Desktop\SDDseminariiC\Seminar9AVL\SeminarSapt11AVL\SeminarSapt11AVL\AVL.c(236,15): warning C4133: '=': incompatible types - from 'nodArb *' to 'nodArb *'
C:\Users\Simionescu Alexandru\Desktop\SDDseminariiC\Seminar9AVL\SeminarSapt11AVL\SeminarSapt11AVL\AVL.c(234,10): warning C4133: 'initializing': incompatible types - from 'nodArb *' to 'nodArb *'
C:\Users\Simionescu Alexandru\Desktop\SDDseminariiC\Seminar9AVL\SeminarSapt11AVL\SeminarSapt11AVL\AVL.c(246,15): warning C4133: '=': incompatible types - from 'nodArb *' to 'nodArb *'
C:\Users\Simionescu Alexandru\Desktop\SDDseminariiC\Seminar9AVL\SeminarSapt11AVL\SeminarSapt11AVL\AVL.c(248,16): warning C4133: '=': incompatible types - from 'nodArb *' to 'nodArb *'
C:\Users\Simionescu Alexandru\Desktop\SDDseminariiC\Seminar9AVL\SeminarSapt11AVL\SeminarSapt11AVL\AVL.c(243,10): warning C4133: 'initializing': incompatible types - from 'nodArb *' to 'nodArb *'
C:\Users\Simionescu Alexandru\Desktop\SDDseminariiC\Seminar9AVL\SeminarSapt11AVL\SeminarSapt11AVL\AVL.c(244,10): warning C4133: 'initializing': incompatible types - from 'nodArb *' to 'nodArb *'
C:\Users\Simionescu Alexandru\Desktop\SDDseminariiC\Seminar9AVL\SeminarSapt11AVL\SeminarSapt11AVL\AVL.c(255,10): warning C4133: 'initializing': incompatible types - from 'nodArb *' to 'nodArb *'
C:\Users\Simionescu Alexandru\Desktop\SDDseminariiC\Seminar9AVL\SeminarSapt11AVL\SeminarSapt11AVL\AVL.c(256,10): warning C4133: 'initializing': incompatible types - from 'nodArb *' to 'nodArb *'
C:\Users\Simionescu Alexandru\Desktop\SDDseminariiC\Seminar9AVL\SeminarSapt11AVL\SeminarSapt11AVL\AVL.c(306,15): warning C4133: 'function': incompatible types - from 'nodArb *' to 'nodArb *'
C:\Users\Simionescu Alexandru\Desktop\SDDseminariiC\Seminar9AVL\SeminarSapt11AVL\SeminarSapt11AVL\AVL.c(308,15): warning C4133: 'function': incompatible types - from 'nodArb *' to 'nodArb *'
C:\Users\Simionescu Alexandru\Desktop\SDDseminariiC\Seminar9AVL\SeminarSapt11AVL\SeminarSapt11AVL\AVL.c(335,84): warning C4133: 'function': incompatible types - from 'nodArb *' to 'nodArb *'
C:\Users\Simionescu Alexandru\Desktop\SDDseminariiC\Seminar9AVL\SeminarSapt11AVL\SeminarSapt11AVL\AVL.c(336,84): warning C4133: 'function': incompatible types - from 'nodArb *' to 'nodArb *'
C:\Users\Simionescu Alexandru\Desktop\SDDseminariiC\Seminar9AVL\SeminarSapt11AVL\SeminarSapt11AVL\AVL.c(343,15): warning C4133: 'function': incompatible types - from 'nodArb *' to 'nodArb *'
C:\Users\Simionescu Alexandru\Desktop\SDDseminariiC\Seminar9AVL\SeminarSapt11AVL\SeminarSapt11AVL\AVL.c(345,15): warning C4133: 'function': incompatible types - from 'nodArb *' to 'nodArb *'
C:\Users\Simionescu Alexandru\Desktop\SDDseminariiC\Seminar9AVL\SeminarSapt11AVL\SeminarSapt11AVL\AVL.c(196): warning C4715: 'stergeNod': not all control paths return a value
  SeminarSapt11AVL.vcxproj -> C:\Users\Simionescu Alexandru\Desktop\SDDseminariiC\Seminar9AVL\SeminarSapt11AVL\x64\Debug\SeminarSapt11AVL.exe
