  listaDublaCirculara.c
C:\Users\Simionescu Alexandru\source\repos\Seminar3C\Seminar3C\listaDublaCirculara.c(23,34): warning C4013: 'strlen' undefined; assuming extern returning int
C:\Users\Simionescu Alexandru\source\repos\Seminar3C\Seminar3C\listaDublaCirculara.c(24,2): warning C4013: 'strcpy' undefined; assuming extern returning int
C:\Users\Simionescu Alexandru\source\repos\Seminar3C\Seminar3C\listaDublaCirculara.c(26,12): warning C4133: '=': incompatible types - from 'nodLD *' to 'nodLD *'
C:\Users\Simionescu Alexandru\source\repos\Seminar3C\Seminar3C\listaDublaCirculara.c(27,12): warning C4133: '=': incompatible types - from 'nodLD *' to 'nodLD *'
C:\Users\Simionescu Alexandru\source\repos\Seminar3C\Seminar3C\listaDublaCirculara.c(49,20): warning C4133: '=': incompatible types - from 'nodLD *' to 'nodLD *'
C:\Users\Simionescu Alexandru\source\repos\Seminar3C\Seminar3C\listaDublaCirculara.c(50,13): warning C4133: '=': incompatible types - from 'nodLD *' to 'nodLD *'
C:\Users\Simionescu Alexandru\source\repos\Seminar3C\Seminar3C\listaDublaCirculara.c(52,20): warning C4133: '=': incompatible types - from 'nodLD *' to 'nodLD *'
C:\Users\Simionescu Alexandru\source\repos\Seminar3C\Seminar3C\listaDublaCirculara.c(53,15): warning C4133: '=': incompatible types - from 'nodLD *' to 'nodLD *'
C:\Users\Simionescu Alexandru\source\repos\Seminar3C\Seminar3C\listaDublaCirculara.c(70,9): warning C4133: '=': incompatible types - from 'nodLD *' to 'nodLD *'
C:\Users\Simionescu Alexandru\source\repos\Seminar3C\Seminar3C\listaDublaCirculara.c(71,14): warning C4133: '=': incompatible types - from 'nodLD *' to 'nodLD *'
C:\Users\Simionescu Alexandru\source\repos\Seminar3C\Seminar3C\listaDublaCirculara.c(72,13): warning C4133: '=': incompatible types - from 'nodLD *' to 'nodLD *'
C:\Users\Simionescu Alexandru\source\repos\Seminar3C\Seminar3C\listaDublaCirculara.c(74,20): warning C4133: '=': incompatible types - from 'nodLD *' to 'nodLD *'
C:\Users\Simionescu Alexandru\source\repos\Seminar3C\Seminar3C\listaDublaCirculara.c(75,18): warning C4133: '=': incompatible types - from 'nodLD *' to 'nodLD *'
C:\Users\Simionescu Alexandru\source\repos\Seminar3C\Seminar3C\listaDublaCirculara.c(82,20): warning C4133: '!=': incompatible types - from 'nodLD *' to 'nodLD *'
C:\Users\Simionescu Alexandru\source\repos\Seminar3C\Seminar3C\listaDublaCirculara.c(86,8): warning C4133: '=': incompatible types - from 'nodLD *' to 'nodLD *'
C:\Users\Simionescu Alexandru\source\repos\Seminar3C\Seminar3C\listaDublaCirculara.c(95,20): warning C4133: '!=': incompatible types - from 'nodLD *' to 'nodLD *'
C:\Users\Simionescu Alexandru\source\repos\Seminar3C\Seminar3C\listaDublaCirculara.c(99,8): warning C4133: '=': incompatible types - from 'nodLD *' to 'nodLD *'
C:\Users\Simionescu Alexandru\source\repos\Seminar3C\Seminar3C\listaDublaCirculara.c(108,20): warning C4133: '!=': incompatible types - from 'nodLD *' to 'nodLD *'
C:\Users\Simionescu Alexandru\source\repos\Seminar3C\Seminar3C\listaDublaCirculara.c(110,10): warning C4133: 'initializing': incompatible types - from 'nodLD *' to 'nodLD *'
C:\Users\Simionescu Alexandru\source\repos\Seminar3C\Seminar3C\listaDublaCirculara.c(124,20): warning C4133: '!=': incompatible types - from 'nodLD *' to 'nodLD *'
C:\Users\Simionescu Alexandru\source\repos\Seminar3C\Seminar3C\listaDublaCirculara.c(137,8): warning C4133: '=': incompatible types - from 'nodLD *' to 'nodLD *'
C:\Users\Simionescu Alexandru\source\repos\Seminar3C\Seminar3C\listaDublaCirculara.c(154,6): warning C4013: 'strcmp' undefined; assuming extern returning int
C:\Users\Simionescu Alexandru\source\repos\Seminar3C\Seminar3C\listaDublaCirculara.c(157,10): warning C4133: '=': incompatible types - from 'nodLD *' to 'nodLD *'
C:\Users\Simionescu Alexandru\source\repos\Seminar3C\Seminar3C\listaDublaCirculara.c(160,18): warning C4133: '=': incompatible types - from 'nodLD *' to 'nodLD *'
C:\Users\Simionescu Alexandru\source\repos\Seminar3C\Seminar3C\listaDublaCirculara.c(161,20): warning C4133: '=': incompatible types - from 'nodLD *' to 'nodLD *'
C:\Users\Simionescu Alexandru\source\repos\Seminar3C\Seminar3C\listaDublaCirculara.c(171,13): warning C4133: '=': incompatible types - from 'nodLD *' to 'nodLD *'
C:\Users\Simionescu Alexandru\source\repos\Seminar3C\Seminar3C\listaDublaCirculara.c(174,21): warning C4133: '=': incompatible types - from 'nodLD *' to 'nodLD *'
C:\Users\Simionescu Alexandru\source\repos\Seminar3C\Seminar3C\listaDublaCirculara.c(175,19): warning C4133: '=': incompatible types - from 'nodLD *' to 'nodLD *'
C:\Users\Simionescu Alexandru\source\repos\Seminar3C\Seminar3C\listaDublaCirculara.c(190,21): warning C4133: '=': incompatible types - from 'nodLD *' to 'nodLD *'
C:\Users\Simionescu Alexandru\source\repos\Seminar3C\Seminar3C\listaDublaCirculara.c(191,20): warning C4133: '=': incompatible types - from 'nodLD *' to 'nodLD *'
C:\Users\Simionescu Alexandru\source\repos\Seminar3C\Seminar3C\listaDublaCirculara.c(198,11): warning C4133: '=': incompatible types - from 'nodLD *' to 'nodLD *'
C:\Users\Simionescu Alexandru\source\repos\Seminar3C\Seminar3C\listaDublaCirculara.c(188,13): warning C4133: 'initializing': incompatible types - from 'nodLD *' to 'nodLD *'
C:\Users\Simionescu Alexandru\source\repos\Seminar3C\Seminar3C\listaDublaCirculara.c(189,13): warning C4133: 'initializing': incompatible types - from 'nodLD *' to 'nodLD *'
  Seminar3C.vcxproj -> C:\Users\Simionescu Alexandru\source\repos\Seminar3C\x64\Debug\Seminar3C.exe
