c:\users\simionescu alexandru\desktop\sddseminariic\exersaresddseminariild\exersarelistadubla\exersarelistadubla\x64\debug\vc143.pdb
c:\users\simionescu alexandru\desktop\sddseminariic\exersaresddseminariild\exersarelistadubla\exersarelistadubla\x64\debug\vc143.idb
c:\users\simionescu alexandru\desktop\sddseminariic\exersaresddseminariild\exersarelistadubla\exersarelistadubla\x64\debug\listadubla.obj
c:\users\simionescu alexandru\desktop\sddseminariic\exersaresddseminariild\exersarelistadubla\exersarelistadubla\x64\debug\listadubla.obj.enc
c:\users\simionescu alexandru\desktop\sddseminariic\exersaresddseminariild\exersarelistadubla\x64\debug\exersarelistadubla.pdb
c:\users\simionescu alexandru\desktop\sddseminariic\exersaresddseminariild\exersarelistadubla\exersarelistadubla\x64\debug\exersare.12c85a0f.tlog\cl.command.1.tlog
c:\users\simionescu alexandru\desktop\sddseminariic\exersaresddseminariild\exersarelistadubla\exersarelistadubla\x64\debug\exersare.12c85a0f.tlog\cl.items.tlog
c:\users\simionescu alexandru\desktop\sddseminariic\exersaresddseminariild\exersarelistadubla\exersarelistadubla\x64\debug\exersare.12c85a0f.tlog\cl.read.1.tlog
c:\users\simionescu alexandru\desktop\sddseminariic\exersaresddseminariild\exersarelistadubla\exersarelistadubla\x64\debug\exersare.12c85a0f.tlog\cl.write.1.tlog
c:\users\simionescu alexandru\desktop\sddseminariic\exersaresddseminariild\exersarelistadubla\exersarelistadubla\x64\debug\exersare.12c85a0f.tlog\link-cvtres.read.1.tlog
c:\users\simionescu alexandru\desktop\sddseminariic\exersaresddseminariild\exersarelistadubla\exersarelistadubla\x64\debug\exersare.12c85a0f.tlog\link-cvtres.write.1.tlog
c:\users\simionescu alexandru\desktop\sddseminariic\exersaresddseminariild\exersarelistadubla\exersarelistadubla\x64\debug\exersare.12c85a0f.tlog\link-rc.read.1.tlog
c:\users\simionescu alexandru\desktop\sddseminariic\exersaresddseminariild\exersarelistadubla\exersarelistadubla\x64\debug\exersare.12c85a0f.tlog\link-rc.write.1.tlog
c:\users\simionescu alexandru\desktop\sddseminariic\exersaresddseminariild\exersarelistadubla\exersarelistadubla\x64\debug\exersare.12c85a0f.tlog\link.29160-cvtres.read.1.tlog
c:\users\simionescu alexandru\desktop\sddseminariic\exersaresddseminariild\exersarelistadubla\exersarelistadubla\x64\debug\exersare.12c85a0f.tlog\link.29160-cvtres.write.1.tlog
c:\users\simionescu alexandru\desktop\sddseminariic\exersaresddseminariild\exersarelistadubla\exersarelistadubla\x64\debug\exersare.12c85a0f.tlog\link.29160-rc.read.1.tlog
c:\users\simionescu alexandru\desktop\sddseminariic\exersaresddseminariild\exersarelistadubla\exersarelistadubla\x64\debug\exersare.12c85a0f.tlog\link.29160-rc.write.1.tlog
c:\users\simionescu alexandru\desktop\sddseminariic\exersaresddseminariild\exersarelistadubla\exersarelistadubla\x64\debug\exersare.12c85a0f.tlog\link.29160.read.1.tlog
c:\users\simionescu alexandru\desktop\sddseminariic\exersaresddseminariild\exersarelistadubla\exersarelistadubla\x64\debug\exersare.12c85a0f.tlog\link.29160.read.2.tlog
c:\users\simionescu alexandru\desktop\sddseminariic\exersaresddseminariild\exersarelistadubla\exersarelistadubla\x64\debug\exersare.12c85a0f.tlog\link.29160.read.3.tlog
c:\users\simionescu alexandru\desktop\sddseminariic\exersaresddseminariild\exersarelistadubla\exersarelistadubla\x64\debug\exersare.12c85a0f.tlog\link.29160.read.4.tlog
c:\users\simionescu alexandru\desktop\sddseminariic\exersaresddseminariild\exersarelistadubla\exersarelistadubla\x64\debug\exersare.12c85a0f.tlog\link.29160.write.1.tlog
c:\users\simionescu alexandru\desktop\sddseminariic\exersaresddseminariild\exersarelistadubla\exersarelistadubla\x64\debug\exersare.12c85a0f.tlog\link.command.1.tlog
c:\users\simionescu alexandru\desktop\sddseminariic\exersaresddseminariild\exersarelistadubla\exersarelistadubla\x64\debug\exersare.12c85a0f.tlog\link.read.1.tlog
c:\users\simionescu alexandru\desktop\sddseminariic\exersaresddseminariild\exersarelistadubla\exersarelistadubla\x64\debug\exersare.12c85a0f.tlog\link.read.2.tlog
c:\users\simionescu alexandru\desktop\sddseminariic\exersaresddseminariild\exersarelistadubla\exersarelistadubla\x64\debug\exersare.12c85a0f.tlog\link.read.3.tlog
c:\users\simionescu alexandru\desktop\sddseminariic\exersaresddseminariild\exersarelistadubla\exersarelistadubla\x64\debug\exersare.12c85a0f.tlog\link.read.4.tlog
c:\users\simionescu alexandru\desktop\sddseminariic\exersaresddseminariild\exersarelistadubla\exersarelistadubla\x64\debug\exersare.12c85a0f.tlog\link.read.5.tlog
c:\users\simionescu alexandru\desktop\sddseminariic\exersaresddseminariild\exersarelistadubla\exersarelistadubla\x64\debug\exersare.12c85a0f.tlog\link.write.1.tlog
